TN:
SF:src/modules/admin/admin.controller.ts
FN:19,getStats
FN:29,listParents
FN:40,getParentDetail
FN:54,setParentStatus
FN:74,adjustBalance
FN:93,getParentLedger
FN:108,getChildDetail
FN:122,setChildStatus
FN:142,getAuditLogs
FN:157,listVouchers
FN:168,createVoucher
FN:179,updateVoucher
FN:190,deleteVoucher
FN:200,listRedemptions
FN:216,listInfaq
FN:227,getInfaqStats
FN:241,listInstitutions
FN:252,createInstitution
FN:263,updateInstitution
FN:274,setInstitutionStatus
FNF:20
FNH:14
FNDA:2,getStats
FNDA:2,listParents
FNDA:1,getParentDetail
FNDA:2,setParentStatus
FNDA:1,adjustBalance
FNDA:0,getParentLedger
FNDA:1,getChildDetail
FNDA:0,setChildStatus
FNDA:1,getAuditLogs
FNDA:1,listVouchers
FNDA:1,createVoucher
FNDA:0,updateVoucher
FNDA:1,deleteVoucher
FNDA:0,listRedemptions
FNDA:1,listInfaq
FNDA:1,getInfaqStats
FNDA:1,listInstitutions
FNDA:1,createInstitution
FNDA:0,updateInstitution
FNDA:0,setInstitutionStatus
DA:3,1
DA:16,1
DA:19,1
DA:20,2
DA:21,2
DA:22,1
DA:24,1
DA:29,1
DA:30,2
DA:31,2
DA:32,2
DA:33,2
DA:35,0
DA:40,1
DA:45,1
DA:46,1
DA:47,1
DA:49,0
DA:54,1
DA:59,2
DA:60,2
DA:61,1
DA:67,1
DA:69,1
DA:74,1
DA:79,1
DA:80,1
DA:81,1
DA:86,1
DA:88,0
DA:93,1
DA:98,0
DA:99,0
DA:100,0
DA:101,0
DA:103,0
DA:108,1
DA:113,1
DA:114,1
DA:115,1
DA:117,0
DA:122,1
DA:127,0
DA:128,0
DA:129,0
DA:135,0
DA:137,0
DA:142,1
DA:143,1
DA:144,1
DA:145,1
DA:146,1
DA:148,0
DA:157,1
DA:158,1
DA:159,1
DA:160,1
DA:161,1
DA:163,0
DA:168,1
DA:169,1
DA:170,1
DA:171,1
DA:172,1
DA:174,0
DA:179,1
DA:180,0
DA:181,0
DA:182,0
DA:183,0
DA:185,0
DA:190,1
DA:191,1
DA:192,1
DA:193,1
DA:195,0
DA:200,1
DA:201,0
DA:202,0
DA:203,0
DA:204,0
DA:205,0
DA:207,0
DA:216,1
DA:217,1
DA:218,1
DA:219,1
DA:220,1
DA:222,0
DA:227,1
DA:228,1
DA:229,1
DA:230,1
DA:232,0
DA:241,1
DA:242,1
DA:243,1
DA:244,1
DA:245,1
DA:247,0
DA:252,1
DA:253,1
DA:254,1
DA:255,1
DA:256,1
DA:258,0
DA:263,1
DA:264,0
DA:265,0
DA:266,0
DA:267,0
DA:269,0
DA:274,1
DA:275,0
DA:276,0
DA:277,0
DA:278,0
DA:280,0
LF:118
LH:75
BRDA:203,0,0,0
BRDA:203,0,1,0
BRF:2
BRH:0
end_of_record
TN:
SF:src/modules/admin/admin.service.ts
FN:19,serializeParent
FN:42,(anonymous_1)
FN:54,getPlatformStats
FN:116,listParents
FN:165,(anonymous_4)
FN:166,(anonymous_5)
FN:174,getParentDetail
FN:223,(anonymous_7)
FN:238,(anonymous_8)
FN:247,(anonymous_9)
FN:254,(anonymous_10)
FN:271,setParentStatus
FN:291,(anonymous_12)
FN:322,setChildStatus
FN:342,(anonymous_14)
FN:373,adjustParentBalance
FN:388,(anonymous_16)
FN:433,getParentLedger
FN:462,(anonymous_18)
FN:479,getChildDetail
FN:520,(anonymous_20)
FN:530,(anonymous_21)
FN:541,(anonymous_22)
FN:546,(anonymous_23)
FN:561,getAuditLogs
FN:601,(anonymous_25)
FN:625,serializeVoucher
FN:663,listAdminVouchers
FN:693,createVoucher
FN:728,updateVoucher
FN:773,deleteVoucher
FN:814,listVoucherRedemptions
FN:834,(anonymous_32)
FN:853,listAdminInstitutions
FN:863,(anonymous_34)
FN:874,(anonymous_35)
FN:879,createInstitution
FN:908,updateInstitution
FN:946,setInstitutionStatus
FN:976,listAdminInfaq
FN:1007,(anonymous_40)
FN:1018,getInfaqStats
FN:1050,(anonymous_42)
FN:1055,(anonymous_43)
FNF:44
FNH:15
FNDA:1,serializeParent
FNDA:0,(anonymous_1)
FNDA:1,getPlatformStats
FNDA:1,listParents
FNDA:1,(anonymous_4)
FNDA:1,(anonymous_5)
FNDA:0,getParentDetail
FNDA:0,(anonymous_7)
FNDA:0,(anonymous_8)
FNDA:0,(anonymous_9)
FNDA:0,(anonymous_10)
FNDA:3,setParentStatus
FNDA:0,(anonymous_12)
FNDA:3,setChildStatus
FNDA:0,(anonymous_14)
FNDA:2,adjustParentBalance
FNDA:1,(anonymous_16)
FNDA:0,getParentLedger
FNDA:0,(anonymous_18)
FNDA:0,getChildDetail
FNDA:0,(anonymous_20)
FNDA:0,(anonymous_21)
FNDA:0,(anonymous_22)
FNDA:0,(anonymous_23)
FNDA:0,getAuditLogs
FNDA:0,(anonymous_25)
FNDA:1,serializeVoucher
FNDA:0,listAdminVouchers
FNDA:1,createVoucher
FNDA:0,updateVoucher
FNDA:3,deleteVoucher
FNDA:0,listVoucherRedemptions
FNDA:0,(anonymous_32)
FNDA:0,listAdminInstitutions
FNDA:0,(anonymous_34)
FNDA:0,(anonymous_35)
FNDA:2,createInstitution
FNDA:0,updateInstitution
FNDA:3,setInstitutionStatus
FNDA:0,listAdminInfaq
FNDA:0,(anonymous_40)
FNDA:1,getInfaqStats
FNDA:0,(anonymous_42)
FNDA:0,(anonymous_43)
DA:1,2
DA:2,2
DA:28,1
DA:42,0
DA:54,2
DA:55,1
DA:56,1
DA:57,1
DA:69,1
DA:85,1
DA:86,1
DA:88,1
DA:116,2
DA:117,1
DA:118,1
DA:121,1
DA:123,1
DA:136,1
DA:162,1
DA:165,1
DA:166,1
DA:174,2
DA:175,0
DA:207,0
DA:209,0
DA:224,0
DA:225,0
DA:238,0
DA:247,0
DA:254,0
DA:271,2
DA:277,3
DA:281,3
DA:283,2
DA:284,1
DA:291,1
DA:292,0
DA:295,0
DA:296,0
DA:299,0
DA:310,1
DA:322,2
DA:328,3
DA:332,3
DA:334,2
DA:335,1
DA:342,1
DA:343,0
DA:344,0
DA:346,0
DA:347,0
DA:350,0
DA:361,1
DA:373,2
DA:378,2
DA:379,2
DA:381,1
DA:382,1
DA:384,1
DA:385,0
DA:388,1
DA:389,1
DA:394,1
DA:405,1
DA:416,1
DA:419,1
DA:433,2
DA:438,0
DA:442,0
DA:444,0
DA:446,0
DA:459,0
DA:462,0
DA:479,2
DA:480,0
DA:504,0
DA:506,0
DA:520,0
DA:530,0
DA:541,0
DA:546,0
DA:561,2
DA:562,0
DA:563,0
DA:565,0
DA:579,0
DA:599,0
DA:601,0
DA:643,1
DA:663,2
DA:664,0
DA:665,0
DA:668,0
DA:670,0
DA:677,0
DA:687,0
DA:693,2
DA:694,1
DA:695,1
DA:697,1
DA:715,1
DA:725,1
DA:728,2
DA:733,0
DA:734,0
DA:736,0
DA:738,0
DA:740,0
DA:759,0
DA:770,0
DA:773,2
DA:774,3
DA:775,3
DA:778,2
DA:779,2
DA:781,1
DA:786,1
DA:796,1
DA:799,1
DA:801,1
DA:811,1
DA:814,2
DA:815,0
DA:816,0
DA:818,0
DA:832,0
DA:834,0
DA:853,2
DA:854,0
DA:863,0
DA:874,0
DA:879,2
DA:880,2
DA:881,2
DA:882,1
DA:885,1
DA:895,1
DA:905,1
DA:908,2
DA:913,0
DA:914,0
DA:916,0
DA:917,0
DA:918,0
DA:921,0
DA:932,0
DA:943,0
DA:946,2
DA:951,3
DA:952,3
DA:954,2
DA:959,2
DA:968,2
DA:976,2
DA:977,0
DA:978,0
DA:980,0
DA:991,0
DA:1005,0
DA:1007,0
DA:1018,2
DA:1019,1
DA:1020,1
DA:1021,1
DA:1023,1
DA:1044,1
DA:1050,0
DA:1055,0
LF:168
LH:93
BRDA:99,0,0,1
BRDA:99,0,1,1
BRDA:100,1,0,1
BRDA:100,1,1,1
BRDA:106,2,0,1
BRDA:106,2,1,1
BRDA:121,3,0,0
BRDA:121,3,1,1
BRDA:121,4,0,0
BRDA:121,4,1,1
BRDA:125,5,0,1
BRDA:125,5,1,0
BRDA:126,6,0,1
BRDA:126,6,1,0
BRDA:207,7,0,0
BRDA:207,7,1,0
BRDA:233,8,0,0
BRDA:233,8,1,0
BRDA:260,9,0,0
BRDA:260,9,1,0
BRDA:281,10,0,1
BRDA:281,10,1,2
BRDA:283,11,0,1
BRDA:283,11,1,1
BRDA:285,12,0,0
BRDA:285,12,1,1
BRDA:295,13,0,0
BRDA:295,13,1,0
BRDA:302,14,0,0
BRDA:302,14,1,0
BRDA:305,15,0,0
BRDA:305,15,1,0
BRDA:314,16,0,0
BRDA:314,16,1,1
BRDA:332,17,0,1
BRDA:332,17,1,2
BRDA:334,18,0,1
BRDA:334,18,1,1
BRDA:336,19,0,1
BRDA:336,19,1,0
BRDA:346,20,0,0
BRDA:346,20,1,0
BRDA:353,21,0,0
BRDA:353,21,1,0
BRDA:356,22,0,0
BRDA:356,22,1,0
BRDA:365,23,0,1
BRDA:365,23,1,0
BRDA:379,24,0,1
BRDA:379,24,1,1
BRDA:384,25,0,0
BRDA:384,25,1,1
BRDA:397,26,0,1
BRDA:397,26,1,0
BRDA:399,27,0,0
BRDA:399,27,1,1
BRDA:442,28,0,0
BRDA:442,28,1,0
BRDA:468,29,0,0
BRDA:468,29,1,0
BRDA:504,30,0,0
BRDA:504,30,1,0
BRDA:514,31,0,0
BRDA:514,31,1,0
BRDA:515,32,0,0
BRDA:515,32,1,0
BRDA:526,33,0,0
BRDA:526,33,1,0
BRDA:566,34,0,0
BRDA:566,34,1,0
BRDA:567,35,0,0
BRDA:567,35,1,0
BRDA:568,36,0,0
BRDA:568,36,1,0
BRDA:569,37,0,0
BRDA:569,37,1,0
BRDA:569,38,0,0
BRDA:569,38,1,0
BRDA:572,39,0,0
BRDA:572,39,1,0
BRDA:573,40,0,0
BRDA:573,40,1,0
BRDA:611,41,0,0
BRDA:611,41,1,0
BRDA:611,41,2,0
BRDA:650,42,0,0
BRDA:650,42,1,1
BRDA:668,43,0,0
BRDA:668,43,1,0
BRDA:668,44,0,0
BRDA:668,44,1,0
BRDA:671,45,0,0
BRDA:671,45,1,0
BRDA:672,46,0,0
BRDA:672,46,1,0
BRDA:673,47,0,0
BRDA:673,47,1,0
BRDA:674,48,0,0
BRDA:674,48,1,0
BRDA:695,49,0,0
BRDA:695,49,1,1
BRDA:705,50,0,1
BRDA:705,50,1,1
BRDA:706,51,0,1
BRDA:706,51,1,1
BRDA:708,52,0,1
BRDA:708,52,1,0
BRDA:709,53,0,1
BRDA:709,53,1,1
BRDA:710,54,0,0
BRDA:710,54,1,1
BRDA:711,55,0,0
BRDA:711,55,1,1
BRDA:734,56,0,0
BRDA:734,56,1,0
BRDA:736,57,0,0
BRDA:736,57,1,0
BRDA:738,58,0,0
BRDA:738,58,1,0
BRDA:743,59,0,0
BRDA:743,59,1,0
BRDA:744,60,0,0
BRDA:744,60,1,0
BRDA:745,61,0,0
BRDA:745,61,1,0
BRDA:746,62,0,0
BRDA:746,62,1,0
BRDA:747,63,0,0
BRDA:747,63,1,0
BRDA:748,64,0,0
BRDA:748,64,1,0
BRDA:749,65,0,0
BRDA:749,65,1,0
BRDA:750,66,0,0
BRDA:750,66,1,0
BRDA:751,67,0,0
BRDA:751,67,1,0
BRDA:752,68,0,0
BRDA:752,68,1,0
BRDA:753,69,0,0
BRDA:753,69,1,0
BRDA:754,70,0,0
BRDA:754,70,1,0
BRDA:755,71,0,0
BRDA:755,71,1,0
BRDA:775,72,0,1
BRDA:775,72,1,2
BRDA:779,73,0,1
BRDA:779,73,1,1
BRDA:816,74,0,0
BRDA:816,74,1,0
BRDA:853,75,0,0
BRDA:855,76,0,0
BRDA:855,76,1,0
BRDA:881,77,0,1
BRDA:881,77,1,1
BRDA:889,78,0,1
BRDA:889,78,1,0
BRDA:890,79,0,1
BRDA:890,79,1,1
BRDA:891,80,0,1
BRDA:891,80,1,1
BRDA:914,81,0,0
BRDA:914,81,1,0
BRDA:916,82,0,0
BRDA:916,82,1,0
BRDA:916,83,0,0
BRDA:916,83,1,0
BRDA:918,84,0,0
BRDA:918,84,1,0
BRDA:924,85,0,0
BRDA:924,85,1,0
BRDA:925,86,0,0
BRDA:925,86,1,0
BRDA:926,87,0,0
BRDA:926,87,1,0
BRDA:927,88,0,0
BRDA:927,88,1,0
BRDA:928,89,0,0
BRDA:928,89,1,0
BRDA:952,90,0,1
BRDA:952,90,1,2
BRDA:962,91,0,1
BRDA:962,91,1,1
BRDA:972,92,0,1
BRDA:972,92,1,1
BRDA:981,93,0,0
BRDA:981,93,1,0
BRDA:982,94,0,0
BRDA:982,94,1,0
BRDA:983,95,0,0
BRDA:983,95,1,0
BRDA:983,95,2,0
BRDA:985,96,0,0
BRDA:985,96,1,0
BRDA:986,97,0,0
BRDA:986,97,1,0
BRDA:1046,98,0,1
BRDA:1046,98,1,0
BRDA:1047,99,0,1
BRDA:1047,99,1,0
BRDA:1048,100,0,1
BRDA:1048,100,1,0
BRF:203
BRH:58
end_of_record
TN:
SF:src/modules/auth/auth.service.ts
FN:37,hashToken
FN:41,parseDurationMs
FN:55,storeRefreshToken
FN:67,generateTokens
FN:79,generateDummyAccountNumber
FN:89,registerParent
FN:120,(anonymous_16)
FN:181,checkAndHandleLock
FN:197,recordFailedAttempt
FN:216,resetLoginAttempts
FN:227,loginParent
FN:283,createChildProfile
FN:320,(anonymous_22)
FN:377,activateChildDevice
FN:400,loginChild
FN:452,loginAdmin
FN:486,logout
FN:506,refreshAccessToken
FN:550,(anonymous_28)
FN:562,updateParentProfile
FN:581,changeParentEmail
FN:610,changeParentPassword
FN:630,changeParentPin
FN:653,changeChildPasswordByParent
FN:689,changeChildPinByParent
FN:726,forgotPassword
FN:754,(anonymous_36)
FN:770,resetPassword
FN:820,forgotUsername
FN:841,(anonymous_39)
FN:842,(anonymous_40)
FN:843,(anonymous_41)
FN:844,(anonymous_42)
FN:849,(anonymous_43)
FNF:34
FNH:10
FNDA:5,hashToken
FNDA:0,parseDurationMs
FNDA:0,storeRefreshToken
FNDA:0,generateTokens
FNDA:0,generateDummyAccountNumber
FNDA:0,registerParent
FNDA:0,(anonymous_16)
FNDA:0,checkAndHandleLock
FNDA:0,recordFailedAttempt
FNDA:0,resetLoginAttempts
FNDA:0,loginParent
FNDA:0,createChildProfile
FNDA:0,(anonymous_22)
FNDA:0,activateChildDevice
FNDA:0,loginChild
FNDA:0,loginAdmin
FNDA:0,logout
FNDA:0,refreshAccessToken
FNDA:0,(anonymous_28)
FNDA:0,updateParentProfile
FNDA:0,changeParentEmail
FNDA:2,changeParentPassword
FNDA:2,changeParentPin
FNDA:0,changeChildPasswordByParent
FNDA:0,changeChildPinByParent
FNDA:4,forgotPassword
FNDA:0,(anonymous_36)
FNDA:4,resetPassword
FNDA:3,forgotUsername
FNDA:1,(anonymous_39)
FNDA:1,(anonymous_40)
FNDA:1,(anonymous_41)
FNDA:1,(anonymous_42)
FNDA:0,(anonymous_43)
DA:1,1
DA:2,1
DA:3,1
DA:4,1
DA:5,1
DA:6,1
DA:7,1
DA:14,1
DA:38,5
DA:42,0
DA:43,0
DA:44,0
DA:45,0
DA:52,0
DA:56,0
DA:57,0
DA:59,0
DA:62,0
DA:68,0
DA:71,0
DA:76,0
DA:82,0
DA:89,1
DA:90,0
DA:93,0
DA:94,0
DA:97,0
DA:98,0
DA:99,0
DA:102,0
DA:105,0
DA:106,0
DA:113,0
DA:115,0
DA:120,0
DA:121,0
DA:130,0
DA:142,0
DA:145,0
DA:151,0
DA:153,0
DA:178,1
DA:179,1
DA:182,0
DA:186,0
DA:187,0
DA:188,0
DA:189,0
DA:198,0
DA:202,0
DA:204,0
DA:205,0
DA:207,0
DA:217,0
DA:227,1
DA:228,0
DA:233,0
DA:234,0
DA:235,0
DA:238,0
DA:240,0
DA:241,0
DA:242,0
DA:243,0
DA:244,0
DA:251,0
DA:252,0
DA:253,0
DA:254,0
DA:255,0
DA:259,0
DA:261,0
DA:267,0
DA:269,0
DA:283,1
DA:288,0
DA:291,0
DA:293,0
DA:294,0
DA:295,0
DA:296,0
DA:301,0
DA:302,0
DA:303,0
DA:307,0
DA:310,0
DA:311,0
DA:314,0
DA:318,0
DA:320,0
DA:321,0
DA:329,0
DA:343,0
DA:351,0
DA:355,0
DA:358,0
DA:377,1
DA:381,0
DA:384,0
DA:385,0
DA:388,0
DA:393,0
DA:400,1
DA:401,0
DA:406,0
DA:407,0
DA:408,0
DA:411,0
DA:413,0
DA:418,0
DA:419,0
DA:420,0
DA:421,0
DA:428,0
DA:430,0
DA:436,0
DA:438,0
DA:452,1
DA:453,0
DA:457,0
DA:458,0
DA:459,0
DA:462,0
DA:464,0
DA:465,0
DA:466,0
DA:467,0
DA:470,0
DA:473,0
DA:474,0
DA:476,0
DA:486,1
DA:487,0
DA:489,0
DA:490,0
DA:491,0
DA:496,0
DA:499,0
DA:506,1
DA:509,0
DA:510,0
DA:512,0
DA:516,0
DA:517,0
DA:519,0
DA:520,0
DA:523,0
DA:524,0
DA:525,0
DA:530,0
DA:531,0
DA:532,0
DA:533,0
DA:534,0
DA:537,0
DA:541,0
DA:543,0
DA:544,0
DA:547,0
DA:548,0
DA:550,0
DA:551,0
DA:552,0
DA:555,0
DA:562,1
DA:566,0
DA:574,0
DA:581,1
DA:586,0
DA:587,0
DA:589,0
DA:590,0
DA:592,0
DA:593,0
DA:595,0
DA:596,0
DA:598,0
DA:603,0
DA:610,1
DA:611,2
DA:612,2
DA:614,2
DA:615,2
DA:617,1
DA:618,1
DA:621,1
DA:623,1
DA:630,1
DA:631,2
DA:632,2
DA:634,2
DA:635,0
DA:637,2
DA:638,2
DA:640,1
DA:641,1
DA:646,1
DA:653,1
DA:659,0
DA:660,0
DA:663,0
DA:664,0
DA:666,0
DA:667,0
DA:670,0
DA:674,0
DA:676,0
DA:677,0
DA:680,0
DA:682,0
DA:689,1
DA:694,0
DA:695,0
DA:697,0
DA:698,0
DA:700,0
DA:701,0
DA:703,0
DA:707,0
DA:709,0
DA:710,0
DA:712,0
DA:726,1
DA:727,4
DA:729,4
DA:735,4
DA:738,1
DA:741,1
DA:742,1
DA:743,1
DA:745,1
DA:749,1
DA:753,1
DA:754,0
DA:757,1
DA:770,1
DA:771,4
DA:773,4
DA:778,4
DA:779,1
DA:782,3
DA:783,1
DA:786,2
DA:787,1
DA:788,1
DA:791,1
DA:794,1
DA:809,1
DA:820,1
DA:821,3
DA:823,3
DA:838,3
DA:840,2
DA:841,1
DA:842,1
DA:843,1
DA:844,1
DA:846,2
DA:848,1
DA:849,0
DA:852,1
LF:261
LH:78
BRDA:43,0,0,0
BRDA:43,0,1,0
BRDA:52,1,0,0
BRDA:52,1,1,0
BRDA:93,2,0,0
BRDA:93,2,1,0
BRDA:98,3,0,0
BRDA:98,3,1,0
BRDA:105,4,0,0
BRDA:105,4,1,0
BRDA:186,5,0,0
BRDA:186,5,1,0
BRDA:187,6,0,0
BRDA:187,6,1,0
BRDA:187,7,0,0
BRDA:187,7,1,0
BRDA:202,8,0,0
BRDA:202,8,1,0
BRDA:211,9,0,0
BRDA:211,9,1,0
BRDA:233,10,0,0
BRDA:233,10,1,0
BRDA:233,11,0,0
BRDA:233,11,1,0
BRDA:241,12,0,0
BRDA:241,12,1,0
BRDA:245,13,0,0
BRDA:245,13,1,0
BRDA:251,14,0,0
BRDA:251,14,1,0
BRDA:251,15,0,0
BRDA:251,15,1,0
BRDA:253,16,0,0
BRDA:253,16,1,0
BRDA:291,17,0,0
BRDA:291,17,1,0
BRDA:293,18,0,0
BRDA:293,18,1,0
BRDA:293,19,0,0
BRDA:293,19,1,0
BRDA:295,20,0,0
BRDA:295,20,1,0
BRDA:302,21,0,0
BRDA:302,21,1,0
BRDA:310,22,0,0
BRDA:310,22,1,0
BRDA:384,23,0,0
BRDA:384,23,1,0
BRDA:406,24,0,0
BRDA:406,24,1,0
BRDA:418,25,0,0
BRDA:418,25,1,0
BRDA:418,26,0,0
BRDA:418,26,1,0
BRDA:422,27,0,0
BRDA:422,27,1,0
BRDA:457,28,0,0
BRDA:457,28,1,0
BRDA:465,29,0,0
BRDA:465,29,1,0
BRDA:519,30,0,0
BRDA:519,30,1,0
BRDA:523,31,0,0
BRDA:523,31,1,0
BRDA:532,32,0,0
BRDA:532,32,1,0
BRDA:541,33,0,0
BRDA:541,33,1,0
BRDA:543,34,0,0
BRDA:543,34,1,0
BRDA:543,34,2,0
BRDA:569,35,0,0
BRDA:569,35,1,0
BRDA:570,36,0,0
BRDA:570,36,1,0
BRDA:587,37,0,0
BRDA:587,37,1,0
BRDA:589,38,0,0
BRDA:589,38,1,0
BRDA:589,39,0,0
BRDA:589,39,1,0
BRDA:593,40,0,0
BRDA:593,40,1,0
BRDA:596,41,0,0
BRDA:596,41,1,0
BRDA:612,42,0,0
BRDA:612,42,1,2
BRDA:615,43,0,1
BRDA:615,43,1,1
BRDA:632,44,0,0
BRDA:632,44,1,2
BRDA:634,45,0,0
BRDA:634,45,1,2
BRDA:634,46,0,2
BRDA:634,46,1,2
BRDA:638,47,0,1
BRDA:638,47,1,1
BRDA:660,48,0,0
BRDA:660,48,1,0
BRDA:664,49,0,0
BRDA:664,49,1,0
BRDA:667,50,0,0
BRDA:667,50,1,0
BRDA:674,51,0,0
BRDA:674,51,1,0
BRDA:695,52,0,0
BRDA:695,52,1,0
BRDA:698,53,0,0
BRDA:698,53,1,0
BRDA:701,54,0,0
BRDA:701,54,1,0
BRDA:707,55,0,0
BRDA:707,55,1,0
BRDA:735,56,0,3
BRDA:735,56,1,1
BRDA:735,57,0,4
BRDA:735,57,1,2
BRDA:754,58,0,0
BRDA:754,58,1,0
BRDA:778,59,0,1
BRDA:778,59,1,3
BRDA:782,60,0,1
BRDA:782,60,1,2
BRDA:786,61,0,1
BRDA:786,61,1,1
BRDA:838,62,0,1
BRDA:838,62,1,2
BRDA:846,63,0,1
BRDA:846,63,1,1
BRDA:849,64,0,0
BRDA:849,64,1,0
BRF:131
BRH:23
end_of_record
TN:
SF:src/modules/chores/chores.service.ts
FN:8,serializeChore
FN:15,assertParentOwnsChore
FN:22,assertChildAssignedToChore
FN:31,listChores
FN:47,(anonymous_4)
FN:54,createChore
FN:74,updateChore
FN:105,deleteChore
FN:126,submitChore
FN:143,(anonymous_9)
FN:162,approveChore
FN:192,(anonymous_11)
FN:266,rejectChore
FN:281,(anonymous_13)
FNF:14
FNH:9
FNDA:2,serializeChore
FNDA:6,assertParentOwnsChore
FNDA:4,assertChildAssignedToChore
FNDA:2,listChores
FNDA:1,(anonymous_4)
FNDA:2,createChore
FNDA:0,updateChore
FNDA:4,deleteChore
FNDA:4,submitChore
FNDA:0,(anonymous_9)
FNDA:2,approveChore
FNDA:0,(anonymous_11)
FNDA:0,rejectChore
FNDA:0,(anonymous_13)
DA:1,1
DA:2,1
DA:3,1
DA:9,2
DA:16,6
DA:17,6
DA:18,5
DA:19,4
DA:23,4
DA:24,4
DA:25,4
DA:26,3
DA:31,1
DA:32,2
DA:36,2
DA:47,2
DA:54,1
DA:55,2
DA:56,2
DA:58,1
DA:71,1
DA:74,1
DA:79,0
DA:81,0
DA:82,0
DA:89,0
DA:102,0
DA:105,1
DA:106,4
DA:109,2
DA:110,2
DA:111,1
DA:118,1
DA:123,1
DA:126,1
DA:131,4
DA:133,3
DA:134,3
DA:135,1
DA:138,2
DA:139,2
DA:140,1
DA:143,1
DA:144,0
DA:153,0
DA:159,1
DA:162,1
DA:167,2
DA:169,2
DA:170,1
DA:173,1
DA:174,1
DA:176,1
DA:177,1
DA:184,0
DA:187,0
DA:189,0
DA:190,0
DA:192,0
DA:194,0
DA:200,0
DA:213,0
DA:219,0
DA:233,0
DA:238,0
DA:243,0
DA:258,0
DA:266,1
DA:272,0
DA:274,0
DA:275,0
DA:278,0
DA:279,0
DA:281,0
DA:282,0
DA:287,0
DA:292,0
DA:303,0
DA:307,0
LF:79
LH:48
BRDA:17,0,0,1
BRDA:17,0,1,5
BRDA:18,1,0,1
BRDA:18,1,1,4
BRDA:24,2,0,0
BRDA:24,2,1,4
BRDA:25,3,0,1
BRDA:25,3,1,3
BRDA:32,4,0,1
BRDA:32,4,1,1
BRDA:49,5,0,1
BRDA:49,5,1,1
BRDA:56,6,0,1
BRDA:56,6,1,1
BRDA:63,7,0,1
BRDA:63,7,1,0
BRDA:81,8,0,0
BRDA:81,8,1,0
BRDA:92,9,0,0
BRDA:92,9,1,0
BRDA:93,10,0,0
BRDA:93,10,1,0
BRDA:94,11,0,0
BRDA:94,11,1,0
BRDA:95,12,0,0
BRDA:95,12,1,0
BRDA:98,13,0,0
BRDA:98,13,1,0
BRDA:110,14,0,1
BRDA:110,14,1,1
BRDA:134,15,0,1
BRDA:134,15,1,2
BRDA:139,16,0,1
BRDA:139,16,1,1
BRDA:147,17,0,0
BRDA:147,17,1,0
BRDA:148,18,0,0
BRDA:148,18,1,0
BRDA:169,19,0,1
BRDA:169,19,1,1
BRDA:174,20,0,0
BRDA:174,20,1,1
BRDA:176,21,0,1
BRDA:176,21,1,0
BRDA:187,22,0,0
BRDA:187,22,1,0
BRDA:274,23,0,0
BRDA:274,23,1,0
BRDA:279,24,0,0
BRDA:279,24,1,0
BRDA:303,25,0,0
BRDA:303,25,1,0
BRF:52
BRH:24
end_of_record
TN:
SF:src/modules/vouchers/vouchers.validator.ts
FNF:0
FNH:0
DA:1,1
DA:4,1
LF:2
LH:2
BRF:0
BRH:0
end_of_record
